                                                                                                                        
>>>>>>>>>>>>>>>>>>>>>>>>>>>>>>>>>>>>>>>>>>>>>>>>>>>>>>>>>>>>>>>>>>>>>>>>>>>>>>>>>>>>>>>>>>>>>>>>>>>>>>>>>>>>>>>>>>>>>>>>
2024-09-20 14:47:37,327 - INFO - START NSP_OEC_Training_Chapter_3 =============================================
2024-09-20 14:47:37,327 - INFO - START NSP_OEC_Training_Chapter_3 Start Time = 2024-09-20 14:47:37
2024-09-20 14:47:37,327 - INFO - NSP_OEC_Training_Chapter_3 Step 0 - Initialize the configuration file parser
2024-09-20 14:47:37,327 - INFO - Process NSP_OEC_Training_Chapter_3 Step 0 - Initializing and starting Logging Process.
2024-09-20 14:47:37,357 - INFO - PERFORMANCE NSP_OEC_Training_Chapter_3 The total process duration was:0.03
2024-09-20 14:47:37,358 - INFO - PERFORMANCE NSP_OEC_Training_Chapter_3 Stop Time = 2024-09-20 14:47:37
2024-09-20 14:47:37,358 - INFO - PERFORMANCE NSP_OEC_Training_Chapter_3 Short process duration less than 3 Seconds:0.03
2024-09-20 14:47:37,358 - INFO - PERFORMANCE NSP_OEC_Training_Chapter_3 Performance optimization is not reccomended
2024-09-20 14:47:37,358 - INFO - END NSP_OEC_Training_Chapter_3 =============================================

<<<<<<<<<<<<<<<<<<<<<<<<<<<<<<<<<<<<<<<<<<<<<<<<<<<<<<<<<<<<<<<<<<<<<<<<<<<<<<<<<<<<<<<<<<<<<<<<<<<<<<<<<<<<<<<<<<<<<<<<
                                                                                                                        
                                                                                                                        
>>>>>>>>>>>>>>>>>>>>>>>>>>>>>>>>>>>>>>>>>>>>>>>>>>>>>>>>>>>>>>>>>>>>>>>>>>>>>>>>>>>>>>>>>>>>>>>>>>>>>>>>>>>>>>>>>>>>>>>>
2024-09-20 22:46:30,579 - INFO - START NSP_OEC_Training_Chapter_3 =============================================
2024-09-20 22:46:30,579 - INFO - START NSP_OEC_Training_Chapter_3 Start Time = 2024-09-20 22:46:30
2024-09-20 22:46:30,579 - INFO - NSP_OEC_Training_Chapter_3 Step 0 - Initialize the configuration file parser
2024-09-20 22:46:30,579 - INFO - Process NSP_OEC_Training_Chapter_3 Step 0 - Initializing and starting Logging Process.
2024-09-20 22:46:30,610 - INFO - PERFORMANCE NSP_OEC_Training_Chapter_3 The total process duration was:0.03
2024-09-20 22:46:30,610 - INFO - PERFORMANCE NSP_OEC_Training_Chapter_3 Stop Time = 2024-09-20 22:46:30
2024-09-20 22:46:30,610 - INFO - PERFORMANCE NSP_OEC_Training_Chapter_3 Short process duration less than 3 Seconds:0.03
2024-09-20 22:46:30,610 - INFO - PERFORMANCE NSP_OEC_Training_Chapter_3 Performance optimization is not reccomended
2024-09-20 22:46:30,610 - INFO - END NSP_OEC_Training_Chapter_3 =============================================

<<<<<<<<<<<<<<<<<<<<<<<<<<<<<<<<<<<<<<<<<<<<<<<<<<<<<<<<<<<<<<<<<<<<<<<<<<<<<<<<<<<<<<<<<<<<<<<<<<<<<<<<<<<<<<<<<<<<<<<<
                                                                                                                        
                                                                                                                        
>>>>>>>>>>>>>>>>>>>>>>>>>>>>>>>>>>>>>>>>>>>>>>>>>>>>>>>>>>>>>>>>>>>>>>>>>>>>>>>>>>>>>>>>>>>>>>>>>>>>>>>>>>>>>>>>>>>>>>>>
2024-09-20 22:46:50,697 - INFO - START NSP_OEC_Training_Chapter_3 =============================================
2024-09-20 22:46:50,697 - INFO - START NSP_OEC_Training_Chapter_3 Start Time = 2024-09-20 22:46:50
2024-09-20 22:46:50,697 - INFO - NSP_OEC_Training_Chapter_3 Step 0 - Initialize the configuration file parser
2024-09-20 22:46:50,697 - INFO - Process NSP_OEC_Training_Chapter_3 Step 0 - Initializing and starting Logging Process.
2024-09-20 22:46:50,725 - INFO - PERFORMANCE NSP_OEC_Training_Chapter_3 The total process duration was:0.03
2024-09-20 22:46:50,725 - INFO - PERFORMANCE NSP_OEC_Training_Chapter_3 Stop Time = 2024-09-20 22:46:50
2024-09-20 22:46:50,725 - INFO - PERFORMANCE NSP_OEC_Training_Chapter_3 Short process duration less than 3 Seconds:0.03
2024-09-20 22:46:50,727 - INFO - PERFORMANCE NSP_OEC_Training_Chapter_3 Performance optimization is not reccomended
2024-09-20 22:46:50,727 - INFO - END NSP_OEC_Training_Chapter_3 =============================================

<<<<<<<<<<<<<<<<<<<<<<<<<<<<<<<<<<<<<<<<<<<<<<<<<<<<<<<<<<<<<<<<<<<<<<<<<<<<<<<<<<<<<<<<<<<<<<<<<<<<<<<<<<<<<<<<<<<<<<<<
                                                                                                                        
